nohup: ignoring input
Creating network "docker_bash_vpcbr" with driver "bridge"
Creating docker_bash_nginx2_1 ... 
Creating docker_bash_nginx1_1 ... 
[1A[2KCreating docker_bash_nginx1_1 ... [32mdone[0m[1B[2A[2KCreating docker_bash_nginx2_1 ... [32mdone[0m[2BStopping docker_bash_nginx1_1 ... 
Stopping docker_bash_nginx2_1 ... 
Aborting.
Attaching to docker_bash_nginx1_1, docker_bash_nginx2_1
Gracefully stopping... (press Ctrl+C again to force)
nohup: ignoring input
Starting docker_bash_nginx2_1 ... 
Starting docker_bash_nginx1_1 ... 
[1A[2KStarting docker_bash_nginx1_1 ... [32mdone[0m[1B[2A[2KStarting docker_bash_nginx2_1 ... [32mdone[0m[2BStopping docker_bash_nginx1_1 ... 
Stopping docker_bash_nginx2_1 ... 
Aborting.
Attaching to docker_bash_nginx1_1, docker_bash_nginx2_1
Gracefully stopping... (press Ctrl+C again to force)
Starting docker_bash_nginx2_1 ... 
Starting docker_bash_nginx1_1 ... 
[2A[2KStarting docker_bash_nginx2_1 ... [32mdone[0m[2B[1A[2KStarting docker_bash_nginx1_1 ... [32mdone[0m[1B